[2024-02-02T18:31:25.929341-06:00] API.WARNING: Warning ::  [] []
[2024-02-02T18:31:39.672862-06:00] API.WARNING: Warning ::  [] []
[2024-02-02T18:32:37.235642-06:00] API.WARNING: Warning ::  [] []
[2024-02-02T18:32:46.413707-06:00] API.WARNING: Warning ::  {"name":"fco"} []
[2024-02-02T18:33:21.403650-06:00] API.WARNING: Warning ::  {"name":"fco"} []
[2024-02-02T18:33:38.379811-06:00] API.WARNING: Warning ::  {"name":"fco"} []
[2024-02-02T18:34:05.706286-06:00] API.WARNING: Warning ::  {"name":"fco"} []
[2024-02-02T18:34:07.408214-06:00] API.WARNING: Warning ::  {"name":"fco"} []
[2024-02-02T18:35:54.943608-06:00] API.WARNING: Warning ::  {"name":"fco"} []
[2024-02-02T18:36:09.386558-06:00] API.WARNING: Warning ::  {"name":"fco"} []
[2024-02-02T18:36:41.481091-06:00] API.WARNING: Warning ::  {"name":"fco"} []
[2024-02-02T18:36:42.424668-06:00] API.WARNING: Warning ::  {"name":"fco"} []
[2024-02-02T18:37:10.387565-06:00] API.WARNING: Warning ::  ["fco"] []
[2024-02-02T18:39:39.523358-06:00] API.WARNING: Warning ::  [null] []
[2024-02-02T18:41:16.615519-06:00] API.WARNING: Warning ::  ["Doesn't existe this valu"] []
[2024-02-02T18:41:18.168288-06:00] API.WARNING: Warning ::  ["Doesn't existe this valu"] []
[2024-02-02T18:41:18.856668-06:00] API.WARNING: Warning ::  ["Doesn't existe this valu"] []
[2024-02-02T18:41:19.080019-06:00] API.WARNING: Warning ::  ["Doesn't existe this valu"] []
[2024-02-02T18:41:19.345897-06:00] API.WARNING: Warning ::  ["Doesn't existe this valu"] []
[2024-02-02T18:45:22.179604-06:00] API.WARNING: Warning ::  [""] []
[2024-02-02T18:45:22.181712-06:00] API.WARNING: Warning ::  [{"name":"fco"}] []
[2024-02-02T18:46:16.882633-06:00] API.WARNING: Warning ::  ["Core\\Request"] []
[2024-02-02T18:46:16.884520-06:00] API.WARNING: Warning ::  [{"name":"fco"}] []
[2024-02-02T18:46:59.609255-06:00] API.WARNING: Warning ::  ["Core\\Request"] []
[2024-02-02T18:46:59.611260-06:00] API.WARNING: Warning ::  [{"name":"fco"}] []
[2024-02-02T18:47:06.981459-06:00] API.WARNING: Warning ::  ["API"] []
[2024-02-02T18:47:06.984583-06:00] API.WARNING: Warning ::  [{"name":"fco"}] []
[2024-02-02T18:47:29.868795-06:00] API.WARNING: Warning ::  [{"name":"fco"}] []
[2024-02-02T18:47:31.760257-06:00] API.WARNING: Warning ::  [{"name":"fco"}] []
[2024-02-02T18:47:42.542259-06:00] Core\Request.WARNING: Warning ::  [{"name":"fco"}] []
